{"/Users/jessecarmine/code/react-weather-app/src/index.js": {"path":"/Users/jessecarmine/code/react-weather-app/src/index.js","statementMap":{"0":{"start":{"line":10,"column":0},"end":{"line":15,"column":2}},"1":{"start":{"line":20,"column":0},"end":{"line":20,"column":27}}},"fnMap":{},"branchMap":{},"s":{"0":0,"1":0},"f":{},"b":{},"hash":"91c025791bd435b65a023eafef1761b90408c75f"}
,"/Users/jessecarmine/code/react-weather-app/src/actions/index.js": {"path":"/Users/jessecarmine/code/react-weather-app/src/actions/index.js","statementMap":{"0":{"start":{"line":4,"column":32},"end":{"line":14,"column":1}},"1":{"start":{"line":5,"column":2},"end":{"line":13,"column":4}}},"fnMap":{"0":{"name":"(anonymous_0)","decl":{"start":{"line":4,"column":32},"end":{"line":4,"column":33}},"loc":{"start":{"line":5,"column":2},"end":{"line":13,"column":4}},"line":5}},"branchMap":{},"s":{"0":0,"1":0},"f":{"0":0},"b":{},"hash":"0cf6102d3fb939941708c5c0e3b8f9cfe9fd15b8"}
,"/Users/jessecarmine/code/react-weather-app/src/actions/types.js": {"path":"/Users/jessecarmine/code/react-weather-app/src/actions/types.js","statementMap":{"0":{"start":{"line":1,"column":34},"end":{"line":1,"column":54}},"1":{"start":{"line":2,"column":42},"end":{"line":2,"column":70}},"2":{"start":{"line":3,"column":40},"end":{"line":3,"column":66}}},"fnMap":{},"branchMap":{},"s":{"0":1,"1":1,"2":1},"f":{},"b":{},"_coverageSchema":"43e27e138ebf9cfc5966b082cf9a028302ed4184","hash":"afbe63a4b9343a8498384289f9bd93bcc6d607ab"}
,"/Users/jessecarmine/code/react-weather-app/src/components/LocationSearchForm.js": {"path":"/Users/jessecarmine/code/react-weather-app/src/components/LocationSearchForm.js","statementMap":{"0":{"start":{"line":11,"column":27},"end":{"line":69,"column":1}},"1":{"start":{"line":12,"column":32},"end":{"line":12,"column":44}},"2":{"start":{"line":14,"column":23},"end":{"line":16,"column":3}},"3":{"start":{"line":15,"column":4},"end":{"line":15,"column":22}},"4":{"start":{"line":18,"column":23},"end":{"line":23,"column":3}},"5":{"start":{"line":19,"column":4},"end":{"line":22,"column":5}},"6":{"start":{"line":20,"column":6},"end":{"line":20,"column":24}},"7":{"start":{"line":21,"column":6},"end":{"line":21,"column":26}},"8":{"start":{"line":25,"column":23},"end":{"line":30,"column":3}},"9":{"start":{"line":26,"column":4},"end":{"line":29,"column":53}},"10":{"start":{"line":27,"column":23},"end":{"line":27,"column":44}},"11":{"start":{"line":28,"column":22},"end":{"line":28,"column":46}},"12":{"start":{"line":29,"column":22},"end":{"line":29,"column":51}},"13":{"start":{"line":32,"column":2},"end":{"line":68,"column":4}},"14":{"start":{"line":42,"column":12},"end":{"line":63,"column":29}},"15":{"start":{"line":52,"column":38},"end":{"line":54,"column":41}},"16":{"start":{"line":55,"column":20},"end":{"line":59,"column":22}},"17":{"start":{"line":71,"column":0},"end":{"line":73,"column":2}}},"fnMap":{"0":{"name":"(anonymous_0)","decl":{"start":{"line":11,"column":27},"end":{"line":11,"column":28}},"loc":{"start":{"line":11,"column":53},"end":{"line":69,"column":1}},"line":11},"1":{"name":"(anonymous_1)","decl":{"start":{"line":14,"column":23},"end":{"line":14,"column":24}},"loc":{"start":{"line":14,"column":32},"end":{"line":16,"column":3}},"line":14},"2":{"name":"(anonymous_2)","decl":{"start":{"line":18,"column":23},"end":{"line":18,"column":24}},"loc":{"start":{"line":18,"column":37},"end":{"line":23,"column":3}},"line":18},"3":{"name":"(anonymous_3)","decl":{"start":{"line":25,"column":23},"end":{"line":25,"column":24}},"loc":{"start":{"line":25,"column":34},"end":{"line":30,"column":3}},"line":25},"4":{"name":"(anonymous_4)","decl":{"start":{"line":27,"column":12},"end":{"line":27,"column":13}},"loc":{"start":{"line":27,"column":23},"end":{"line":27,"column":44}},"line":27},"5":{"name":"(anonymous_5)","decl":{"start":{"line":28,"column":12},"end":{"line":28,"column":13}},"loc":{"start":{"line":28,"column":22},"end":{"line":28,"column":46}},"line":28},"6":{"name":"(anonymous_6)","decl":{"start":{"line":29,"column":13},"end":{"line":29,"column":14}},"loc":{"start":{"line":29,"column":22},"end":{"line":29,"column":51}},"line":29},"7":{"name":"(anonymous_7)","decl":{"start":{"line":41,"column":11},"end":{"line":41,"column":12}},"loc":{"start":{"line":42,"column":12},"end":{"line":63,"column":29}},"line":42},"8":{"name":"(anonymous_8)","decl":{"start":{"line":51,"column":35},"end":{"line":51,"column":36}},"loc":{"start":{"line":51,"column":49},"end":{"line":60,"column":19}},"line":51}},"branchMap":{"0":{"loc":{"start":{"line":19,"column":4},"end":{"line":22,"column":5}},"type":"if","locations":[{"start":{"line":19,"column":4},"end":{"line":22,"column":5}},{"start":{"line":19,"column":4},"end":{"line":22,"column":5}}],"line":19},"1":{"loc":{"start":{"line":49,"column":15},"end":{"line":61,"column":22}},"type":"binary-expr","locations":[{"start":{"line":49,"column":15},"end":{"line":49,"column":26}},{"start":{"line":49,"column":30},"end":{"line":49,"column":52}},{"start":{"line":50,"column":16},"end":{"line":61,"column":22}}],"line":49},"2":{"loc":{"start":{"line":52,"column":38},"end":{"line":54,"column":41}},"type":"cond-expr","locations":[{"start":{"line":53,"column":24},"end":{"line":53,"column":48}},{"start":{"line":54,"column":24},"end":{"line":54,"column":41}}],"line":52}},"s":{"0":2,"1":1,"2":1,"3":0,"4":1,"5":0,"6":0,"7":0,"8":1,"9":0,"10":0,"11":0,"12":0,"13":1,"14":0,"15":0,"16":0,"17":2},"f":{"0":1,"1":0,"2":0,"3":0,"4":0,"5":0,"6":0,"7":0,"8":0},"b":{"0":[0,0],"1":[0,0,0],"2":[0,0]},"_coverageSchema":"43e27e138ebf9cfc5966b082cf9a028302ed4184","hash":"ad17b7061a7cc5e803c1985e929bcd4fbc1d67aa"}
,"/Users/jessecarmine/code/react-weather-app/src/components/WeatherDisplayPanel.js": {"path":"/Users/jessecarmine/code/react-weather-app/src/components/WeatherDisplayPanel.js","statementMap":{"0":{"start":{"line":8,"column":28},"end":{"line":43,"column":1}},"1":{"start":{"line":9,"column":33},"end":{"line":11,"column":3}},"2":{"start":{"line":10,"column":4},"end":{"line":10,"column":69}},"3":{"start":{"line":13,"column":24},"end":{"line":33,"column":3}},"4":{"start":{"line":14,"column":4},"end":{"line":32,"column":5}},"5":{"start":{"line":15,"column":6},"end":{"line":15,"column":111}},"6":{"start":{"line":16,"column":11},"end":{"line":32,"column":5}},"7":{"start":{"line":17,"column":6},"end":{"line":24,"column":7}},"8":{"start":{"line":26,"column":6},"end":{"line":31,"column":8}},"9":{"start":{"line":35,"column":2},"end":{"line":42,"column":4}},"10":{"start":{"line":45,"column":0},"end":{"line":47,"column":2}},"11":{"start":{"line":49,"column":0},"end":{"line":53,"column":2}}},"fnMap":{"0":{"name":"(anonymous_0)","decl":{"start":{"line":8,"column":28},"end":{"line":8,"column":29}},"loc":{"start":{"line":8,"column":99},"end":{"line":43,"column":1}},"line":8},"1":{"name":"(anonymous_1)","decl":{"start":{"line":9,"column":33},"end":{"line":9,"column":34}},"loc":{"start":{"line":9,"column":39},"end":{"line":11,"column":3}},"line":9},"2":{"name":"(anonymous_2)","decl":{"start":{"line":13,"column":24},"end":{"line":13,"column":25}},"loc":{"start":{"line":13,"column":30},"end":{"line":33,"column":3}},"line":13}},"branchMap":{"0":{"loc":{"start":{"line":14,"column":4},"end":{"line":32,"column":5}},"type":"if","locations":[{"start":{"line":14,"column":4},"end":{"line":32,"column":5}},{"start":{"line":14,"column":4},"end":{"line":32,"column":5}}],"line":14},"1":{"loc":{"start":{"line":16,"column":11},"end":{"line":32,"column":5}},"type":"if","locations":[{"start":{"line":16,"column":11},"end":{"line":32,"column":5}},{"start":{"line":16,"column":11},"end":{"line":32,"column":5}}],"line":16},"2":{"loc":{"start":{"line":37,"column":7},"end":{"line":39,"column":23}},"type":"cond-expr","locations":[{"start":{"line":38,"column":8},"end":{"line":38,"column":32}},{"start":{"line":39,"column":8},"end":{"line":39,"column":23}}],"line":37}},"s":{"0":2,"1":3,"2":0,"3":3,"4":3,"5":1,"6":2,"7":1,"8":1,"9":3,"10":2,"11":2},"f":{"0":3,"1":0,"2":3},"b":{"0":[1,2],"1":[1,1],"2":[0,3]},"_coverageSchema":"43e27e138ebf9cfc5966b082cf9a028302ed4184","hash":"6bf5a98b3c77f7d38557b556e88d4ab71d22378d"}
,"/Users/jessecarmine/code/react-weather-app/src/components/index.js": {"path":"/Users/jessecarmine/code/react-weather-app/src/components/index.js","statementMap":{"0":{"start":{"line":8,"column":19},"end":{"line":21,"column":1}},"1":{"start":{"line":9,"column":2},"end":{"line":20,"column":4}},"2":{"start":{"line":23,"column":0},"end":{"line":25,"column":2}},"3":{"start":{"line":27,"column":0},"end":{"line":32,"column":2}}},"fnMap":{"0":{"name":"(anonymous_0)","decl":{"start":{"line":8,"column":19},"end":{"line":8,"column":20}},"loc":{"start":{"line":8,"column":108},"end":{"line":21,"column":1}},"line":8}},"branchMap":{},"s":{"0":1,"1":1,"2":1,"3":1},"f":{"0":1},"b":{},"_coverageSchema":"43e27e138ebf9cfc5966b082cf9a028302ed4184","hash":"457d9bd2710a8e5d8ebf6c11aa27926f279b2552"}
,"/Users/jessecarmine/code/react-weather-app/src/containers/index.js": {"path":"/Users/jessecarmine/code/react-weather-app/src/containers/index.js","statementMap":{"0":{"start":{"line":10,"column":24},"end":{"line":14,"column":2}},"1":{"start":{"line":10,"column":34},"end":{"line":14,"column":1}},"2":{"start":{"line":16,"column":27},"end":{"line":18,"column":2}},"3":{"start":{"line":16,"column":40},"end":{"line":18,"column":1}},"4":{"start":{"line":17,"column":32},"end":{"line":17,"column":68}}},"fnMap":{"0":{"name":"(anonymous_0)","decl":{"start":{"line":10,"column":24},"end":{"line":10,"column":25}},"loc":{"start":{"line":10,"column":34},"end":{"line":14,"column":1}},"line":10},"1":{"name":"(anonymous_1)","decl":{"start":{"line":16,"column":27},"end":{"line":16,"column":28}},"loc":{"start":{"line":16,"column":40},"end":{"line":18,"column":1}},"line":16},"2":{"name":"(anonymous_2)","decl":{"start":{"line":17,"column":20},"end":{"line":17,"column":21}},"loc":{"start":{"line":17,"column":32},"end":{"line":17,"column":68}},"line":17}},"branchMap":{},"s":{"0":0,"1":0,"2":0,"3":0,"4":0},"f":{"0":0,"1":0,"2":0},"b":{},"hash":"737a9ee16ec33bd9ddb50b56148189308c78b58e"}
,"/Users/jessecarmine/code/react-weather-app/src/mocks/mockData.js": {"path":"/Users/jessecarmine/code/react-weather-app/src/mocks/mockData.js","statementMap":{"0":{"start":{"line":1,"column":37},"end":{"line":40,"column":2}},"1":{"start":{"line":1,"column":51},"end":{"line":40,"column":1}}},"fnMap":{"0":{"name":"(anonymous_0)","decl":{"start":{"line":1,"column":37},"end":{"line":1,"column":38}},"loc":{"start":{"line":1,"column":51},"end":{"line":40,"column":1}},"line":1}},"branchMap":{},"s":{"0":5,"1":4},"f":{"0":4},"b":{},"_coverageSchema":"43e27e138ebf9cfc5966b082cf9a028302ed4184","hash":"25ea4468678aefd20ff54c88845bf856f627c120"}
,"/Users/jessecarmine/code/react-weather-app/src/reducers/index.js": {"path":"/Users/jessecarmine/code/react-weather-app/src/reducers/index.js","statementMap":{"0":{"start":{"line":5,"column":16},"end":{"line":21,"column":1}},"1":{"start":{"line":6,"column":2},"end":{"line":20,"column":3}},"2":{"start":{"line":8,"column":6},"end":{"line":9,"column":61}},"3":{"start":{"line":11,"column":6},"end":{"line":13,"column":63}},"4":{"start":{"line":15,"column":6},"end":{"line":17,"column":67}},"5":{"start":{"line":19,"column":6},"end":{"line":19,"column":19}}},"fnMap":{"0":{"name":"(anonymous_0)","decl":{"start":{"line":5,"column":16},"end":{"line":5,"column":17}},"loc":{"start":{"line":5,"column":68},"end":{"line":21,"column":1}},"line":5}},"branchMap":{"0":{"loc":{"start":{"line":5,"column":17},"end":{"line":5,"column":55}},"type":"default-arg","locations":[{"start":{"line":5,"column":25},"end":{"line":5,"column":55}}],"line":5},"1":{"loc":{"start":{"line":6,"column":2},"end":{"line":20,"column":3}},"type":"switch","locations":[{"start":{"line":7,"column":4},"end":{"line":9,"column":61}},{"start":{"line":10,"column":4},"end":{"line":13,"column":63}},{"start":{"line":14,"column":4},"end":{"line":17,"column":67}},{"start":{"line":18,"column":4},"end":{"line":19,"column":19}}],"line":6}},"s":{"0":1,"1":5,"2":1,"3":2,"4":2,"5":0},"f":{"0":5},"b":{"0":[0],"1":[1,2,2,0]},"_coverageSchema":"43e27e138ebf9cfc5966b082cf9a028302ed4184","hash":"69a7adbd30154d7901a9815c652084b39734f4a7"}
,"/Users/jessecarmine/code/react-weather-app/src/reducers/initialState.js": {"path":"/Users/jessecarmine/code/react-weather-app/src/reducers/initialState.js","statementMap":{"0":{"start":{"line":3,"column":21},"end":{"line":9,"column":2}}},"fnMap":{},"branchMap":{},"s":{"0":1},"f":{},"b":{},"_coverageSchema":"43e27e138ebf9cfc5966b082cf9a028302ed4184","hash":"376eb03e7c54473f43db86694bc50a19cae34825"}
,"/Users/jessecarmine/code/react-weather-app/src/selectors/index.js": {"path":"/Users/jessecarmine/code/react-weather-app/src/selectors/index.js","statementMap":{"0":{"start":{"line":1,"column":30},"end":{"line":6,"column":1}},"1":{"start":{"line":2,"column":22},"end":{"line":2,"column":57}},"2":{"start":{"line":3,"column":2},"end":{"line":5,"column":3}},"3":{"start":{"line":4,"column":4},"end":{"line":4,"column":30}},"4":{"start":{"line":8,"column":36},"end":{"line":8,"column":96}},"5":{"start":{"line":8,"column":45},"end":{"line":8,"column":96}},"6":{"start":{"line":10,"column":42},"end":{"line":10,"column":108}},"7":{"start":{"line":10,"column":51},"end":{"line":10,"column":108}}},"fnMap":{"0":{"name":"(anonymous_0)","decl":{"start":{"line":1,"column":30},"end":{"line":1,"column":31}},"loc":{"start":{"line":1,"column":39},"end":{"line":6,"column":1}},"line":1},"1":{"name":"(anonymous_1)","decl":{"start":{"line":8,"column":36},"end":{"line":8,"column":37}},"loc":{"start":{"line":8,"column":45},"end":{"line":8,"column":96}},"line":8},"2":{"name":"(anonymous_2)","decl":{"start":{"line":10,"column":42},"end":{"line":10,"column":43}},"loc":{"start":{"line":10,"column":51},"end":{"line":10,"column":108}},"line":10}},"branchMap":{"0":{"loc":{"start":{"line":3,"column":2},"end":{"line":5,"column":3}},"type":"if","locations":[{"start":{"line":3,"column":2},"end":{"line":5,"column":3}},{"start":{"line":3,"column":2},"end":{"line":5,"column":3}}],"line":3}},"s":{"0":1,"1":1,"2":1,"3":1,"4":1,"5":3,"6":1,"7":1},"f":{"0":1,"1":3,"2":1},"b":{"0":[1,0]},"_coverageSchema":"43e27e138ebf9cfc5966b082cf9a028302ed4184","hash":"95d26de1e7632b3cbf2c8a86bc49a6f4be392b06"}
,"/Users/jessecarmine/code/react-weather-app/src/serviceWorker/serviceWorker.js": {"path":"/Users/jessecarmine/code/react-weather-app/src/serviceWorker/serviceWorker.js","statementMap":{"0":{"start":{"line":13,"column":20},"end":{"line":21,"column":1}},"1":{"start":{"line":24,"column":2},"end":{"line":54,"column":3}},"2":{"start":{"line":26,"column":22},"end":{"line":26,"column":75}},"3":{"start":{"line":27,"column":4},"end":{"line":32,"column":5}},"4":{"start":{"line":31,"column":6},"end":{"line":31,"column":13}},"5":{"start":{"line":34,"column":4},"end":{"line":53,"column":7}},"6":{"start":{"line":35,"column":20},"end":{"line":35,"column":65}},"7":{"start":{"line":37,"column":6},"end":{"line":52,"column":7}},"8":{"start":{"line":39,"column":8},"end":{"line":39,"column":47}},"9":{"start":{"line":43,"column":8},"end":{"line":48,"column":11}},"10":{"start":{"line":44,"column":10},"end":{"line":47,"column":12}},"11":{"start":{"line":51,"column":8},"end":{"line":51,"column":39}},"12":{"start":{"line":58,"column":2},"end":{"line":98,"column":7}},"13":{"start":{"line":61,"column":6},"end":{"line":94,"column":8}},"14":{"start":{"line":62,"column":33},"end":{"line":62,"column":56}},"15":{"start":{"line":63,"column":8},"end":{"line":65,"column":9}},"16":{"start":{"line":64,"column":10},"end":{"line":64,"column":17}},"17":{"start":{"line":66,"column":8},"end":{"line":93,"column":10}},"18":{"start":{"line":67,"column":10},"end":{"line":92,"column":11}},"19":{"start":{"line":68,"column":12},"end":{"line":91,"column":13}},"20":{"start":{"line":72,"column":14},"end":{"line":75,"column":16}},"21":{"start":{"line":78,"column":14},"end":{"line":80,"column":15}},"22":{"start":{"line":79,"column":16},"end":{"line":79,"column":46}},"23":{"start":{"line":85,"column":14},"end":{"line":85,"column":64}},"24":{"start":{"line":88,"column":14},"end":{"line":90,"column":15}},"25":{"start":{"line":89,"column":16},"end":{"line":89,"column":47}},"26":{"start":{"line":97,"column":6},"end":{"line":97,"column":72}},"27":{"start":{"line":103,"column":2},"end":{"line":128,"column":7}},"28":{"start":{"line":108,"column":26},"end":{"line":108,"column":62}},"29":{"start":{"line":109,"column":6},"end":{"line":122,"column":7}},"30":{"start":{"line":114,"column":8},"end":{"line":118,"column":11}},"31":{"start":{"line":115,"column":10},"end":{"line":117,"column":13}},"32":{"start":{"line":116,"column":12},"end":{"line":116,"column":37}},"33":{"start":{"line":121,"column":8},"end":{"line":121,"column":39}},"34":{"start":{"line":125,"column":6},"end":{"line":127,"column":8}},"35":{"start":{"line":132,"column":2},"end":{"line":140,"column":3}},"36":{"start":{"line":133,"column":4},"end":{"line":139,"column":9}},"37":{"start":{"line":135,"column":8},"end":{"line":135,"column":34}},"38":{"start":{"line":138,"column":8},"end":{"line":138,"column":37}}},"fnMap":{"0":{"name":"register","decl":{"start":{"line":23,"column":16},"end":{"line":23,"column":24}},"loc":{"start":{"line":23,"column":33},"end":{"line":55,"column":1}},"line":23},"1":{"name":"(anonymous_1)","decl":{"start":{"line":34,"column":36},"end":{"line":34,"column":37}},"loc":{"start":{"line":34,"column":42},"end":{"line":53,"column":5}},"line":34},"2":{"name":"(anonymous_2)","decl":{"start":{"line":43,"column":43},"end":{"line":43,"column":44}},"loc":{"start":{"line":43,"column":49},"end":{"line":48,"column":9}},"line":43},"3":{"name":"registerValidSW","decl":{"start":{"line":57,"column":9},"end":{"line":57,"column":24}},"loc":{"start":{"line":57,"column":40},"end":{"line":99,"column":1}},"line":57},"4":{"name":"(anonymous_4)","decl":{"start":{"line":60,"column":10},"end":{"line":60,"column":11}},"loc":{"start":{"line":60,"column":26},"end":{"line":95,"column":5}},"line":60},"5":{"name":"(anonymous_5)","decl":{"start":{"line":61,"column":35},"end":{"line":61,"column":36}},"loc":{"start":{"line":61,"column":41},"end":{"line":94,"column":7}},"line":61},"6":{"name":"(anonymous_6)","decl":{"start":{"line":66,"column":41},"end":{"line":66,"column":42}},"loc":{"start":{"line":66,"column":47},"end":{"line":93,"column":9}},"line":66},"7":{"name":"(anonymous_7)","decl":{"start":{"line":96,"column":11},"end":{"line":96,"column":12}},"loc":{"start":{"line":96,"column":20},"end":{"line":98,"column":5}},"line":96},"8":{"name":"checkValidServiceWorker","decl":{"start":{"line":101,"column":9},"end":{"line":101,"column":32}},"loc":{"start":{"line":101,"column":48},"end":{"line":129,"column":1}},"line":101},"9":{"name":"(anonymous_9)","decl":{"start":{"line":106,"column":10},"end":{"line":106,"column":11}},"loc":{"start":{"line":106,"column":22},"end":{"line":123,"column":5}},"line":106},"10":{"name":"(anonymous_10)","decl":{"start":{"line":114,"column":43},"end":{"line":114,"column":44}},"loc":{"start":{"line":114,"column":59},"end":{"line":118,"column":9}},"line":114},"11":{"name":"(anonymous_11)","decl":{"start":{"line":115,"column":41},"end":{"line":115,"column":42}},"loc":{"start":{"line":115,"column":47},"end":{"line":117,"column":11}},"line":115},"12":{"name":"(anonymous_12)","decl":{"start":{"line":124,"column":11},"end":{"line":124,"column":12}},"loc":{"start":{"line":124,"column":17},"end":{"line":128,"column":5}},"line":124},"13":{"name":"unregister","decl":{"start":{"line":131,"column":16},"end":{"line":131,"column":26}},"loc":{"start":{"line":131,"column":29},"end":{"line":141,"column":1}},"line":131},"14":{"name":"(anonymous_14)","decl":{"start":{"line":134,"column":12},"end":{"line":134,"column":13}},"loc":{"start":{"line":134,"column":28},"end":{"line":136,"column":7}},"line":134},"15":{"name":"(anonymous_15)","decl":{"start":{"line":137,"column":13},"end":{"line":137,"column":14}},"loc":{"start":{"line":137,"column":22},"end":{"line":139,"column":7}},"line":137}},"branchMap":{"0":{"loc":{"start":{"line":14,"column":2},"end":{"line":20,"column":5}},"type":"binary-expr","locations":[{"start":{"line":14,"column":2},"end":{"line":14,"column":42}},{"start":{"line":16,"column":4},"end":{"line":16,"column":40}},{"start":{"line":18,"column":4},"end":{"line":20,"column":5}}],"line":14},"1":{"loc":{"start":{"line":24,"column":2},"end":{"line":54,"column":3}},"type":"if","locations":[{"start":{"line":24,"column":2},"end":{"line":54,"column":3}},{"start":{"line":24,"column":2},"end":{"line":54,"column":3}}],"line":24},"2":{"loc":{"start":{"line":24,"column":6},"end":{"line":24,"column":75}},"type":"binary-expr","locations":[{"start":{"line":24,"column":6},"end":{"line":24,"column":43}},{"start":{"line":24,"column":47},"end":{"line":24,"column":75}}],"line":24},"3":{"loc":{"start":{"line":27,"column":4},"end":{"line":32,"column":5}},"type":"if","locations":[{"start":{"line":27,"column":4},"end":{"line":32,"column":5}},{"start":{"line":27,"column":4},"end":{"line":32,"column":5}}],"line":27},"4":{"loc":{"start":{"line":37,"column":6},"end":{"line":52,"column":7}},"type":"if","locations":[{"start":{"line":37,"column":6},"end":{"line":52,"column":7}},{"start":{"line":37,"column":6},"end":{"line":52,"column":7}}],"line":37},"5":{"loc":{"start":{"line":63,"column":8},"end":{"line":65,"column":9}},"type":"if","locations":[{"start":{"line":63,"column":8},"end":{"line":65,"column":9}},{"start":{"line":63,"column":8},"end":{"line":65,"column":9}}],"line":63},"6":{"loc":{"start":{"line":67,"column":10},"end":{"line":92,"column":11}},"type":"if","locations":[{"start":{"line":67,"column":10},"end":{"line":92,"column":11}},{"start":{"line":67,"column":10},"end":{"line":92,"column":11}}],"line":67},"7":{"loc":{"start":{"line":68,"column":12},"end":{"line":91,"column":13}},"type":"if","locations":[{"start":{"line":68,"column":12},"end":{"line":91,"column":13}},{"start":{"line":68,"column":12},"end":{"line":91,"column":13}}],"line":68},"8":{"loc":{"start":{"line":78,"column":14},"end":{"line":80,"column":15}},"type":"if","locations":[{"start":{"line":78,"column":14},"end":{"line":80,"column":15}},{"start":{"line":78,"column":14},"end":{"line":80,"column":15}}],"line":78},"9":{"loc":{"start":{"line":78,"column":18},"end":{"line":78,"column":43}},"type":"binary-expr","locations":[{"start":{"line":78,"column":18},"end":{"line":78,"column":24}},{"start":{"line":78,"column":28},"end":{"line":78,"column":43}}],"line":78},"10":{"loc":{"start":{"line":88,"column":14},"end":{"line":90,"column":15}},"type":"if","locations":[{"start":{"line":88,"column":14},"end":{"line":90,"column":15}},{"start":{"line":88,"column":14},"end":{"line":90,"column":15}}],"line":88},"11":{"loc":{"start":{"line":88,"column":18},"end":{"line":88,"column":44}},"type":"binary-expr","locations":[{"start":{"line":88,"column":18},"end":{"line":88,"column":24}},{"start":{"line":88,"column":28},"end":{"line":88,"column":44}}],"line":88},"12":{"loc":{"start":{"line":109,"column":6},"end":{"line":122,"column":7}},"type":"if","locations":[{"start":{"line":109,"column":6},"end":{"line":122,"column":7}},{"start":{"line":109,"column":6},"end":{"line":122,"column":7}}],"line":109},"13":{"loc":{"start":{"line":110,"column":8},"end":{"line":111,"column":73}},"type":"binary-expr","locations":[{"start":{"line":110,"column":8},"end":{"line":110,"column":31}},{"start":{"line":111,"column":9},"end":{"line":111,"column":28}},{"start":{"line":111,"column":32},"end":{"line":111,"column":72}}],"line":110},"14":{"loc":{"start":{"line":132,"column":2},"end":{"line":140,"column":3}},"type":"if","locations":[{"start":{"line":132,"column":2},"end":{"line":140,"column":3}},{"start":{"line":132,"column":2},"end":{"line":140,"column":3}}],"line":132}},"s":{"0":0,"1":0,"2":0,"3":0,"4":0,"5":0,"6":0,"7":0,"8":0,"9":0,"10":0,"11":0,"12":0,"13":0,"14":0,"15":0,"16":0,"17":0,"18":0,"19":0,"20":0,"21":0,"22":0,"23":0,"24":0,"25":0,"26":0,"27":0,"28":0,"29":0,"30":0,"31":0,"32":0,"33":0,"34":0,"35":0,"36":0,"37":0,"38":0},"f":{"0":0,"1":0,"2":0,"3":0,"4":0,"5":0,"6":0,"7":0,"8":0,"9":0,"10":0,"11":0,"12":0,"13":0,"14":0,"15":0},"b":{"0":[0,0,0],"1":[0,0],"2":[0,0],"3":[0,0],"4":[0,0],"5":[0,0],"6":[0,0],"7":[0,0],"8":[0,0],"9":[0,0],"10":[0,0],"11":[0,0],"12":[0,0],"13":[0,0,0],"14":[0,0]},"hash":"890ed2037f45c6d949030da4a692d35759aea069"}
,"/Users/jessecarmine/code/react-weather-app/src/store/configureStore.js": {"path":"/Users/jessecarmine/code/react-weather-app/src/store/configureStore.js","statementMap":{"0":{"start":{"line":7,"column":23},"end":{"line":16,"column":1}},"1":{"start":{"line":8,"column":2},"end":{"line":15,"column":4}}},"fnMap":{"0":{"name":"(anonymous_0)","decl":{"start":{"line":7,"column":23},"end":{"line":7,"column":24}},"loc":{"start":{"line":7,"column":34},"end":{"line":16,"column":1}},"line":7}},"branchMap":{},"s":{"0":0,"1":0},"f":{"0":0},"b":{},"hash":"c6b3403b47162e50b27d45507eac5b0b181f5b28"}
,"/Users/jessecarmine/code/react-weather-app/src/store/store.js": {"path":"/Users/jessecarmine/code/react-weather-app/src/store/store.js","statementMap":{"0":{"start":{"line":4,"column":14},"end":{"line":4,"column":42}}},"fnMap":{},"branchMap":{},"s":{"0":0},"f":{},"b":{},"hash":"669a871a3279aedacc9bd817612639ffed392f7b"}
}
